21:40:07.174 [main] INFO  testCases.TC_00_AccountRegistrationTest - ****** Starting TC_001_AccountRegistrationTest********
21:40:09.771 [main] INFO  testCases.TC_00_AccountRegistrationTest - Clicked on My account link
21:40:15.965 [main] INFO  testCases.TC_00_AccountRegistrationTest - Clicked on register link
21:40:15.986 [main] INFO  testCases.TC_00_AccountRegistrationTest - Providing customer data
21:40:34.304 [main] INFO  testCases.TC_00_AccountRegistrationTest - Clicked on continue
21:40:34.614 [main] INFO  testCases.TC_00_AccountRegistrationTest - Validating expected message
21:43:32.286 [main] INFO  testCases.TC_00_AccountRegistrationTest - ****** Starting TC_001_AccountRegistrationTest********
21:43:33.639 [main] INFO  testCases.TC_00_AccountRegistrationTest - Clicked on My account link
21:43:39.797 [main] INFO  testCases.TC_00_AccountRegistrationTest - Clicked on register link
21:43:39.859 [main] INFO  testCases.TC_00_AccountRegistrationTest - Providing customer data
21:43:53.251 [main] INFO  testCases.TC_00_AccountRegistrationTest - Clicked on continue
21:43:54.223 [main] INFO  testCases.TC_00_AccountRegistrationTest - Validating expected message
21:43:54.274 [main] INFO  testCases.TC_00_AccountRegistrationTest - ****** Starting TC_001_AccountRegistrationTest********
22:27:03.449 [main] INFO  testCases.TC_00_AccountRegistrationTest - ****** Starting TC_001_AccountRegistrationTest********
22:27:06.224 [main] INFO  testCases.TC_00_AccountRegistrationTest - Clicked on My account link
22:27:14.388 [main] INFO  testCases.TC_00_AccountRegistrationTest - Clicked on register link
22:27:14.420 [main] INFO  testCases.TC_00_AccountRegistrationTest - Providing customer data
22:27:39.881 [main] INFO  testCases.TC_00_AccountRegistrationTest - Clicked on continue
22:27:40.240 [main] INFO  testCases.TC_00_AccountRegistrationTest - Validating expected message
22:27:40.245 [main] INFO  testCases.TC_00_AccountRegistrationTest - ****** Starting TC_001_AccountRegistrationTest********
00:30:03.085 [main] INFO  testCases.TC_00_AccountRegistrationTest - ****** Starting TC_001_AccountRegistrationTest********
00:30:03.648 [main] INFO  testCases.TC_00_AccountRegistrationTest - Clicked on My account link
00:30:05.866 [main] INFO  testCases.TC_00_AccountRegistrationTest - Clicked on register link
00:30:05.870 [main] INFO  testCases.TC_00_AccountRegistrationTest - Providing customer data
00:30:16.927 [main] INFO  testCases.TC_00_AccountRegistrationTest - Clicked on continue
00:30:17.196 [main] INFO  testCases.TC_00_AccountRegistrationTest - Validating expected message
00:30:17.200 [main] INFO  testCases.TC_00_AccountRegistrationTest - ****** Starting TC_001_AccountRegistrationTest********
00:32:42.590 [TestNG-tests-1] INFO  testCases.TC_00_AccountRegistrationTest - ****** Starting TC_001_AccountRegistrationTest********
00:32:44.495 [TestNG-tests-1] INFO  testCases.TC_00_AccountRegistrationTest - Clicked on My account link
00:32:57.176 [TestNG-tests-1] INFO  testCases.TC_00_AccountRegistrationTest - Clicked on register link
00:32:57.329 [TestNG-tests-1] INFO  testCases.TC_00_AccountRegistrationTest - Providing customer data
00:33:13.777 [TestNG-tests-2] INFO  testCases.TC_00_AccountRegistrationTest - ****** Starting TC_001_AccountRegistrationTest********
00:33:14.851 [TestNG-tests-1] INFO  testCases.TC_00_AccountRegistrationTest - Clicked on continue
00:33:15.082 [TestNG-tests-1] INFO  testCases.TC_00_AccountRegistrationTest - Validating expected message
00:33:15.099 [TestNG-tests-1] INFO  testCases.TC_00_AccountRegistrationTest - ****** Starting TC_001_AccountRegistrationTest********
00:33:15.407 [TestNG-tests-2] INFO  testCases.TC_00_AccountRegistrationTest - Clicked on My account link
00:33:18.710 [TestNG-tests-2] INFO  testCases.TC_00_AccountRegistrationTest - Clicked on register link
00:33:18.715 [TestNG-tests-2] INFO  testCases.TC_00_AccountRegistrationTest - Providing customer data
00:33:25.137 [TestNG-tests-2] INFO  testCases.TC_00_AccountRegistrationTest - Clicked on continue
00:33:25.316 [TestNG-tests-2] INFO  testCases.TC_00_AccountRegistrationTest - Validating expected message
00:33:25.317 [TestNG-tests-2] INFO  testCases.TC_00_AccountRegistrationTest - ****** Starting TC_001_AccountRegistrationTest********
20:21:11.655 [main] INFO  testCases.TC_00_AccountRegistrationTest - ****** Starting TC_001_AccountRegistrationTest********
20:21:12.822 [main] INFO  testCases.TC_00_AccountRegistrationTest - Clicked on My account link
20:21:21.130 [main] INFO  testCases.TC_00_AccountRegistrationTest - Clicked on register link
20:21:21.223 [main] INFO  testCases.TC_00_AccountRegistrationTest - Providing customer data
20:21:35.967 [main] INFO  testCases.TC_00_AccountRegistrationTest - Clicked on continue
20:21:36.335 [main] INFO  testCases.TC_00_AccountRegistrationTest - Validating expected message
20:21:36.381 [main] INFO  testCases.TC_00_AccountRegistrationTest - ****** Starting TC_001_AccountRegistrationTest********
02:44:08.175 [main] INFO  testCases.TC_00_AccountRegistrationTest - ****** Starting TC_001_AccountRegistrationTest********
02:44:08.691 [main] INFO  testCases.TC_00_AccountRegistrationTest - Clicked on My account link
02:44:26.470 [main] INFO  testCases.TC_00_AccountRegistrationTest - Clicked on register link
02:44:26.941 [main] INFO  testCases.TC_00_AccountRegistrationTest - Providing customer data
02:44:46.888 [main] INFO  testCases.TC_00_AccountRegistrationTest - Clicked on continue
02:44:47.691 [main] INFO  testCases.TC_00_AccountRegistrationTest - Validating expected message
02:44:47.699 [main] INFO  testCases.TC_00_AccountRegistrationTest - ****** Starting TC_001_AccountRegistrationTest********
06:41:34.540 [main] INFO  testCases.TC_002_LoginTest - ******Starting TC_002_LoginTest*******
06:41:43.034 [main] INFO  testCases.TC_002_LoginTest - Clicked on Login Link 
06:41:43.327 [main] INFO  testCases.TC_002_LoginTest - Providing Login Details
06:41:50.112 [main] INFO  testCases.TC_002_LoginTest - Clicked on Login Button
06:41:50.384 [main] INFO  testCases.TC_002_LoginTest - *******Finished TC_002_LoginTest*******
22:13:16.190 [main] INFO  testCases.TC_003_LoginDDT - **Starting TC_003_LoginDDT*****
22:13:36.342 [main] INFO  testCases.TC_003_LoginDDT - *********Finished TC_003_LoginDDT*******
22:13:36.425 [main] INFO  testCases.TC_003_LoginDDT - **Starting TC_003_LoginDDT*****
22:13:51.038 [main] INFO  testCases.TC_003_LoginDDT - *********Finished TC_003_LoginDDT*******
22:13:51.059 [main] INFO  testCases.TC_003_LoginDDT - **Starting TC_003_LoginDDT*****
22:14:03.897 [main] INFO  testCases.TC_003_LoginDDT - *********Finished TC_003_LoginDDT*******
22:14:03.909 [main] INFO  testCases.TC_003_LoginDDT - **Starting TC_003_LoginDDT*****
22:14:18.801 [main] INFO  testCases.TC_003_LoginDDT - *********Finished TC_003_LoginDDT*******
22:14:18.811 [main] INFO  testCases.TC_003_LoginDDT - **Starting TC_003_LoginDDT*****
22:14:33.115 [main] INFO  testCases.TC_003_LoginDDT - *********Finished TC_003_LoginDDT*******
23:02:32.217 [main] INFO  testCases.TC_00_AccountRegistrationTest - ****** Starting TC_001_AccountRegistrationTest********
23:02:34.769 [main] INFO  testCases.TC_00_AccountRegistrationTest - Clicked on My account link
23:02:43.073 [main] INFO  testCases.TC_00_AccountRegistrationTest - Clicked on register link
23:02:43.106 [main] INFO  testCases.TC_00_AccountRegistrationTest - Providing customer data
23:02:59.447 [main] INFO  testCases.TC_00_AccountRegistrationTest - Clicked on continue
23:02:59.558 [main] INFO  testCases.TC_00_AccountRegistrationTest - Validating expected message
23:02:59.568 [main] INFO  testCases.TC_00_AccountRegistrationTest - ****** Starting TC_001_AccountRegistrationTest********
23:03:24.226 [main] INFO  testCases.TC_002_LoginTest - ******Starting TC_002_LoginTest*******
23:03:28.847 [main] INFO  testCases.TC_002_LoginTest - Clicked on Login Link 
23:03:28.873 [main] INFO  testCases.TC_002_LoginTest - Providing Login Details
23:03:32.394 [main] INFO  testCases.TC_002_LoginTest - Clicked on Login Button
23:03:32.773 [main] INFO  testCases.TC_002_LoginTest - *******Finished TC_002_LoginTest*******
23:08:23.190 [main] INFO  testCases.TC_003_LoginDDT - **Starting TC_003_LoginDDT*****
23:08:38.485 [main] INFO  testCases.TC_003_LoginDDT - *********Finished TC_003_LoginDDT*******
23:08:38.841 [main] INFO  testCases.TC_003_LoginDDT - **Starting TC_003_LoginDDT*****
23:09:01.355 [main] INFO  testCases.TC_003_LoginDDT - *********Finished TC_003_LoginDDT*******
23:09:01.362 [main] INFO  testCases.TC_003_LoginDDT - **Starting TC_003_LoginDDT*****
23:09:13.950 [main] INFO  testCases.TC_003_LoginDDT - *********Finished TC_003_LoginDDT*******
23:09:13.956 [main] INFO  testCases.TC_003_LoginDDT - **Starting TC_003_LoginDDT*****
23:09:27.190 [main] INFO  testCases.TC_003_LoginDDT - *********Finished TC_003_LoginDDT*******
23:09:27.208 [main] INFO  testCases.TC_003_LoginDDT - **Starting TC_003_LoginDDT*****
23:09:40.367 [main] INFO  testCases.TC_003_LoginDDT - *********Finished TC_003_LoginDDT*******
23:10:41.806 [main] INFO  testCases.TC_00_AccountRegistrationTest - ****** Starting TC_001_AccountRegistrationTest********
23:10:42.063 [main] INFO  testCases.TC_00_AccountRegistrationTest - Clicked on My account link
23:10:44.838 [main] INFO  testCases.TC_00_AccountRegistrationTest - Clicked on register link
23:10:44.890 [main] INFO  testCases.TC_00_AccountRegistrationTest - Providing customer data
23:10:50.546 [main] INFO  testCases.TC_00_AccountRegistrationTest - Clicked on continue
23:10:50.808 [main] INFO  testCases.TC_00_AccountRegistrationTest - Validating expected message
23:11:04.300 [main] INFO  testCases.TC_002_LoginTest - ******Starting TC_002_LoginTest*******
23:11:05.981 [main] INFO  testCases.TC_002_LoginTest - Clicked on Login Link 
23:11:06.037 [main] INFO  testCases.TC_002_LoginTest - Providing Login Details
23:11:08.573 [main] INFO  testCases.TC_002_LoginTest - Clicked on Login Button
23:11:08.743 [main] INFO  testCases.TC_002_LoginTest - *******Finished TC_002_LoginTest*******
23:12:30.601 [main] INFO  testCases.TC_00_AccountRegistrationTest - ****** Starting TC_001_AccountRegistrationTest********
23:12:30.877 [main] INFO  testCases.TC_00_AccountRegistrationTest - Clicked on My account link
23:12:32.290 [main] INFO  testCases.TC_00_AccountRegistrationTest - Clicked on register link
23:12:32.296 [main] INFO  testCases.TC_00_AccountRegistrationTest - Providing customer data
23:12:37.568 [main] INFO  testCases.TC_00_AccountRegistrationTest - Clicked on continue
23:12:37.664 [main] INFO  testCases.TC_00_AccountRegistrationTest - Validating expected message
23:14:00.300 [main] INFO  testCases.TC_00_AccountRegistrationTest - ****** Starting TC_001_AccountRegistrationTest********
23:14:00.497 [main] INFO  testCases.TC_00_AccountRegistrationTest - Clicked on My account link
23:14:02.132 [main] INFO  testCases.TC_00_AccountRegistrationTest - Clicked on register link
23:14:02.139 [main] INFO  testCases.TC_00_AccountRegistrationTest - Providing customer data
23:14:07.388 [main] INFO  testCases.TC_00_AccountRegistrationTest - Clicked on continue
23:14:07.457 [main] INFO  testCases.TC_00_AccountRegistrationTest - Validating expected message
23:14:07.461 [main] INFO  testCases.TC_00_AccountRegistrationTest - ****** Starting TC_001_AccountRegistrationTest********
23:14:57.529 [main] INFO  testCases.TC_00_AccountRegistrationTest - ****** Starting TC_001_AccountRegistrationTest********
23:14:57.755 [main] INFO  testCases.TC_00_AccountRegistrationTest - Clicked on My account link
23:14:59.097 [main] INFO  testCases.TC_00_AccountRegistrationTest - Clicked on register link
23:14:59.103 [main] INFO  testCases.TC_00_AccountRegistrationTest - Providing customer data
23:15:03.849 [main] INFO  testCases.TC_00_AccountRegistrationTest - Clicked on continue
23:15:03.941 [main] INFO  testCases.TC_00_AccountRegistrationTest - Validating expected message
23:15:03.945 [main] INFO  testCases.TC_00_AccountRegistrationTest - ****** Starting TC_001_AccountRegistrationTest********
23:15:16.692 [main] INFO  testCases.TC_002_LoginTest - ******Starting TC_002_LoginTest*******
23:15:18.205 [main] INFO  testCases.TC_002_LoginTest - Clicked on Login Link 
23:15:18.209 [main] INFO  testCases.TC_002_LoginTest - Providing Login Details
23:15:20.037 [main] INFO  testCases.TC_002_LoginTest - Clicked on Login Button
23:16:40.425 [main] INFO  testCases.TC_002_LoginTest - ******Starting TC_002_LoginTest*******
23:16:42.629 [main] INFO  testCases.TC_002_LoginTest - Clicked on Login Link 
23:16:42.651 [main] INFO  testCases.TC_002_LoginTest - Providing Login Details
23:16:45.336 [main] INFO  testCases.TC_002_LoginTest - Clicked on Login Button
23:16:45.561 [main] INFO  testCases.TC_002_LoginTest - *******Finished TC_002_LoginTest*******
00:13:08.274 [main] INFO  testCases.TC_00_AccountRegistrationTest - ****** Starting TC_001_AccountRegistrationTest********
00:13:14.441 [main] INFO  testCases.TC_00_AccountRegistrationTest - Clicked on My account link
00:13:57.196 [main] INFO  testCases.TC_00_AccountRegistrationTest - Clicked on register link
00:13:57.223 [main] INFO  testCases.TC_00_AccountRegistrationTest - Providing customer data
00:14:17.410 [main] INFO  testCases.TC_00_AccountRegistrationTest - Clicked on continue
00:14:17.581 [main] INFO  testCases.TC_00_AccountRegistrationTest - Validating expected message
00:14:17.587 [main] INFO  testCases.TC_00_AccountRegistrationTest - ****** Starting TC_001_AccountRegistrationTest********
00:14:44.143 [main] INFO  testCases.TC_002_LoginTest - ******Starting TC_002_LoginTest*******
00:14:47.432 [main] INFO  testCases.TC_002_LoginTest - Clicked on Login Link 
00:14:47.524 [main] INFO  testCases.TC_002_LoginTest - Providing Login Details
00:14:50.534 [main] INFO  testCases.TC_002_LoginTest - Clicked on Login Button
00:14:50.945 [main] INFO  testCases.TC_002_LoginTest - *******Finished TC_002_LoginTest*******
06:46:28.719 [main] INFO  testCases.TC_00_AccountRegistrationTest - ****** Starting TC_001_AccountRegistrationTest********
06:46:30.047 [main] INFO  testCases.TC_00_AccountRegistrationTest - Clicked on My account link
06:46:34.551 [main] INFO  testCases.TC_00_AccountRegistrationTest - Clicked on register link
06:46:34.695 [main] INFO  testCases.TC_00_AccountRegistrationTest - Providing customer data
06:46:45.750 [main] INFO  testCases.TC_00_AccountRegistrationTest - Clicked on continue
06:46:45.910 [main] INFO  testCases.TC_00_AccountRegistrationTest - Validating expected message
06:46:45.914 [main] INFO  testCases.TC_00_AccountRegistrationTest - ****** Starting TC_001_AccountRegistrationTest********
06:47:26.445 [main] INFO  testCases.TC_002_LoginTest - ******Starting TC_002_LoginTest*******
06:47:32.676 [main] INFO  testCases.TC_002_LoginTest - Clicked on Login Link 
06:47:32.699 [main] INFO  testCases.TC_002_LoginTest - Providing Login Details
06:47:37.532 [main] INFO  testCases.TC_002_LoginTest - Clicked on Login Button
06:47:37.811 [main] INFO  testCases.TC_002_LoginTest - *******Finished TC_002_LoginTest*******
